c:\users\computer\documents\visual studio 2015\projects\medved\medvedcplusplus\debug\vc140.pdb
c:\users\computer\documents\visual studio 2015\projects\medved\medvedcplusplus\debug\.netframework,version=v4.5.2.assemblyattributes.obj
c:\users\computer\documents\visual studio 2015\projects\medved\medvedcplusplus\debug\.netframework,version=v4.5.2.assemblyattributes.asm
c:\users\computer\documents\visual studio 2015\projects\medved\medvedcplusplus\debug\medvedcplusplus.pch
c:\users\computer\documents\visual studio 2015\projects\medved\medvedcplusplus\debug\stdafx.obj
c:\users\computer\documents\visual studio 2015\projects\medved\medvedcplusplus\debug\medvedcplusplus.obj
c:\users\computer\documents\visual studio 2015\projects\medved\medvedcplusplus\debug\assemblyinfo.obj
c:\users\computer\documents\visual studio 2015\projects\medved\debug\medvedcplusplus.exe
c:\users\computer\documents\visual studio 2015\projects\medved\debug\medvedcplusplus.pdb
c:\users\computer\documents\visual studio 2015\projects\medved\debug\medvedbasic.dll
c:\users\computer\documents\visual studio 2015\projects\medved\debug\medvedcsharp.dll
c:\users\computer\documents\visual studio 2015\projects\medved\debug\medvedbasic.pdb
c:\users\computer\documents\visual studio 2015\projects\medved\debug\medvedbasic.xml
c:\users\computer\documents\visual studio 2015\projects\medved\debug\medvedcsharp.pdb
c:\users\computer\documents\visual studio 2015\projects\medved\debug\medvedfsharp.dll
c:\users\computer\documents\visual studio 2015\projects\medved\debug\fsharp.core.dll
c:\users\computer\documents\visual studio 2015\projects\medved\debug\medvedfsharp.pdb
c:\users\computer\documents\visual studio 2015\projects\medved\debug\medvedfsharp.xml
c:\users\computer\documents\visual studio 2015\projects\medved\debug\fsharp.core.xml
c:\users\computer\documents\visual studio 2015\projects\medved\medvedcplusplus\debug\medvedcplusplus.tlog\metagen.write.1.tlog
c:\users\computer\documents\visual studio 2015\projects\medved\medvedcplusplus\debug\app.res
c:\users\computer\documents\visual studio 2015\projects\medved\medvedcplusplus\debug\medvedcplusplus.vcxprojresolveassemblyreference.cache
c:\users\computer\documents\visual studio 2015\projects\medved\medvedcplusplus\debug\medvedcplusplus.tlog\cl.command.1.tlog
c:\users\computer\documents\visual studio 2015\projects\medved\medvedcplusplus\debug\medvedcplusplus.tlog\cl.read.1.tlog
c:\users\computer\documents\visual studio 2015\projects\medved\medvedcplusplus\debug\medvedcplusplus.tlog\cl.write.1.tlog
c:\users\computer\documents\visual studio 2015\projects\medved\medvedcplusplus\debug\medvedcplusplus.tlog\link.command.1.tlog
c:\users\computer\documents\visual studio 2015\projects\medved\medvedcplusplus\debug\medvedcplusplus.tlog\link.read.1.tlog
c:\users\computer\documents\visual studio 2015\projects\medved\medvedcplusplus\debug\medvedcplusplus.tlog\link.write.1.tlog
c:\users\computer\documents\visual studio 2015\projects\medved\medvedcplusplus\debug\medvedcplusplus.tlog\medvedcplusplus.write.1u.tlog
c:\users\computer\documents\visual studio 2015\projects\medved\medvedcplusplus\debug\medvedcplusplus.tlog\metagen.read.1.tlog
c:\users\computer\documents\visual studio 2015\projects\medved\medvedcplusplus\debug\medvedcplusplus.tlog\rc.command.1.tlog
c:\users\computer\documents\visual studio 2015\projects\medved\medvedcplusplus\debug\medvedcplusplus.tlog\rc.read.1.tlog
c:\users\computer\documents\visual studio 2015\projects\medved\medvedcplusplus\debug\medvedcplusplus.tlog\rc.write.1.tlog
c:\users\computer\documents\visual studio 2015\projects\medved\medvedcplusplus\debug\medvedcplusplus.tlog\medvedbasic.dll.metagen
c:\users\computer\documents\visual studio 2015\projects\medved\medvedcplusplus\debug\medvedcplusplus.tlog\medvedcsharp.dll.metagen
c:\users\computer\documents\visual studio 2015\projects\medved\medvedcplusplus\debug\medvedcplusplus.tlog\medvedfsharp.dll.metagen
c:\users\computer\documents\visual studio 2015\projects\medved\medvedcplusplus\debug\medvedcplusplus.tlog\tzres.dll.bi
